wwwwwwwwwwww444444444444444444444444444444444444qqqqqqqqqqqqqqqqqqqqqqqqqqqqqqnq
wwwwwwwwwwww444444444444444444444444444444444444qqqqqqqqqqqqqqqqqqqqqqqqqqqqqqnq
wwwwwwwwwwww4444444444444444444444444444444444444qqqqqqqqqqqqqqqqqqqqqqqqqqqqqnn
wwwwwwwwwwww4444444444444444444444444444444444444qqqqqqqqqqqqqqqqqqqqqqqqqqqqqqh
wwwwwwwwwwww44444444444444444444444444444444444444qqqqqqqqqqqqqqqqqqqqqqqqqqqqhh
wwwwwwwwwwww44444444444444444444444444444444444444qqqqqqqqqqqqqqqqqqqqqqqqqqqqhh
wwwwwwwwwwww44444444444444444444444444444444444444qqqqqqqqqqqqqqqqqqqqqqqqqqqhhh
wwwwwwwwwww444444444444444444444444444444444444444qqqqqqqqqqqqqqqqqqqqqqqqqqhhhh
wwwwwwwwwww4444444444444444444444444444444444444444qqqqqqqqqqqqqqqqqqqqqqqqqhhhh
wwwwwwwwww44444444444444444444444444444444444444444qqqqqqqqqqqqqqqqqqqqqqqqhhhhh
wwwwwwwww444444444444444444444444444444444444444444qqqqqqqqqqqqqqqqqqqqqqqhhhhhh
wwwwwwww4444444444444444444444444444444444444444444qqqqqqqqqqqqqqqqqqqqqqqhhhhhh
wwwwwww444`4444444444444444444444444444444444444444qqqqqqqqqqqqqqqqqqqqqqhhhhhhh
wwwww44```````4444444444444444444444444444444444444qqqqqqqqqq8qqqqqqqqqqqhhhhhhh
44444```````````44444444444444444444444444444444444q888888888q888888888qhhhhhhhh
4444`````````````44444444444444444444444444444444448qqqqqqqqqqqqqqqqqqqhhhhhhhhh
4444`````````````4444444444444444444444444444444444qqqqqqqqqqqqqqqqqqqqhhhhhhhhh
444```````````````444444444444444444444444444444444qqqqqqqqqqqqqqqqqqqhhhhhhhhhh
444```````````````444444444444444444444444444444444qqqqqqqqqqqqqqqqqqqhhhhhhhhhh
444```````````````444444444444444444444444444444444qqqqqqqqqqqqqqqqqqhhhhhhhhhhh
44`````````````````4444444444444444444444444444444qqqqqqqqqqqqqqqqqqhhhhhhhhhhhh
444````````Z``````44444444444444444444444444444444qqqqqqqqqqqqqqqqqqhhhhhhhhhhhh
444`````ZZZ`ZZZ```44444444444444444444444444444444qqqqqqqqqqqqqqqqqhhhhhhhhhhhhh
444````Z```````Z``4444444444444444444444444444444qqqqqqqqqqqqqqqqqqhhhhhhhhhhhhh
4444``Z`````````Z44444444444444444444444444444444qqqqqqqqqqqqqqqqqhhhhhhhhhhhhhh
4444``Z`````````Z44444444444444444444444444444444qqqqqqqqqqqqqqqqqhhhhhhhhhhhhhh
44444`Z`````````4Z444444444444444444444444444444qqqqqqqqqqqqqqqqqhhhhhhhhhhhhhhh
44444Z4```````444Z444444444444444444444444444444qqqqqqqqqqq)qqqqqhhhhhhhhhhhhhhh
444444Z444`444444Z44444444444444444444444444444qqqq))))))))q))))hhhhhhhhhhhhhhhh
444444Z444444444Z444444444444444444444444444444q)))qqqqqqqqqqqqqhhhhhhhhhhhhhhhh
444444Z444444444Z4444444444444444444444444444)))qqqqqqqqqqqqqqqhhhhhhhhhhhhhhhhh
4444444Z4444444Z444444444444444444444444444))qqqqqqqqqqqqqqqqqqhhhhhhhhhhhhhhhhh
44444444ZZ444ZZ44444444444444444444444444))4qqqqqqqqqqqqqqqqqqhhhhhhhhhhhhhhhhhh
4444444444ZZZ444444444444444444444444444)444qqqqqqqqqqqqqqqqqqhhhhhhhhhhhhhhhhhh
q4444444444444444444444444444444444444))444qqqqqqqqqqqqqqqqqqhhhhhhhhhhhhhhhhhhh
qq44444444444444444444444444444444444)4444qqqqqqqqqqqqqqqqqqqhhhhhhhhhhhhhhhhhhh
qqq444444444444444444444444444444444)444qqqqqqqqqqqqqqqqqqqqhhhhhhhhhhhhhhhhhhhh
qqqqq444444444444444444444444444444)444qqqqqqqqqqqqqqqqqqqqqhhhhhhhhhhhhhhhhhhhh
qqqqqq4444444444444444444444444444)444qqqqqqqqqqqqqqqqqqqqqhhhhhhhhhhhhhhhhhhhhh
qqqqqqqq4444444444444444444444444)44Zqqqqqqqqqqqqqqqqqqqqqqhhhhhhhhhhhhhhhhhhhhh
qqqqqqqqqq4444444444444444444444)4qqZqqqqqqqqqqqqqqqqqqqqqqhhhhhhhhhhhhhhhhhhhhh
qqqqqqqqqqqq4444444444444444444)qnnqZqqqqqqqqqqqqqqqqqqqqqhhhhhhhhhhhhhhhhhhhhhh
qqqqqqqqqqqqqqqq444444444444qq)qqqqnZnqqqqqqqqqqqqqqqqqqqnhhhhhhhhhhhhhhhhhhhhhh
qqqqqqqqqqqqqqqqqqqqq8qqqqqqqq)qqqqqZqnnnnqqqqqqqqqqnnnnnhhhhhhhhhhhhhhhhhhhhhhh
qqqqqqqqqqqqqqqqqqqqq8qqqqqqq)qqqqqqZqqqqqnnnnnnnnnnqqqqqhhhhhhhhhhhhhhhhhhhhhhh
qqqqqqqqqqqqqqqqqqqqq8qqqqqq)qqqqqqqZqqqqqqqqqqqqqqqqqqqhhhhhhhhhhhhhhhhhhhhhhhh
qqqqqqqqqqqqqqqqqqqq8qqqqqqq)qqqqqqqZqqqqqqqqqqqqqqqqqqqhhhhhhhhhhhhhhhhhhhhhhhh
qqqqqqqqqqqqqqqqqqqq8qqqqqq)qqqqqqqqZqqqqqqqqqqqqqqqqqqqhhhhhhhhhhhhhhhhhhhhhhhh
qqqqqqqqqqqqqqqqqqqq8qqqqqq)qqqqqqqZqqqqqqqqqqqqqqqqqqqhhhhhhhhhhhhhhhhhhhhhhhhh
qqqqqqqqqqqqqqqqqqqq8qqqqq)qqqqqqqqZqqqqqqqqqqqqqqqqqqqhhhhhhhhhhhhhhhhhhhhhhhhh
qqqqqqqqqqqqqqqqqqqq8qqqqq)qqqqqqqqZqqqqqqqqqqqqqqqqqqhhhhhhhhhhhhhhhhhhhhhhhhhh
qqqqqqqqqqqqqqqqqqqq8qqqqq)qqqqqqqqZqqqqqqqqqqqqqqqqqqhhhhhhhhhhhhhhhhhhhhhhhhhh
qqqqqqqqqqqqqqqqqqqq8qqqq)qqqqqqqqZqqqqqqqqqqqqqqqqqqYhhhhhhhhhhhhhhhhhhhhhhhhhh
qqqqqqqqqqqqqqqqqqqq8qqqq)qqqqqqqqZqqqqqqqqqqqqqqqqYYhhhhhhhhhhhhhhhhhhhhhhhhhhh
/qqqqqqqqqqqqqqqqqqq8qqqq)qqqqqqqqZqqqqqqqqqqqqqqqYYqhhhhhhhhhhhhhhhhhhhhhhhhhhh
//qqqqqqqqqqqqqqqqq8qqqq)qqqqqqqqZqqqqqqqqqqqqqqqYqqqhhhhhhhhhhhhhhhhhhhhhhhhhhh
//qqqqqqqqqqqqqqqqqq8qqq)qqqqqqqqZqqqqqqqqqqqqqqYYqqhhhhhhhhhhhhhhhhhhhhhhhhhhhh
///qqqqqqqqqqqqqqqqq8qqq)qqqqqqqZqqqqqqqqqqqqqqqYqqqhhhhhhhhhhhhhhhhhhhhhhhhhhhh
////qqqqqqqqqqqqqqqq8qqq)qqqqqqqZqqqqqqqqqqqqqqYqqqqhhhhhhhhhhhhhhhhhhhhhhhhhhhh
/////qqqqqqqqqqqqqqq8qqq)qqqqqqZqqqqqqqqqqqqqqYqqqqhhhhhhhhhhhhhhhhhhhhhhhhhhhhh
//////qqqqqqqqqqqqqq8qqq)qqqqqZZqqqqqqqqqqqqqqYqqqqhhhhhhhhhhhhhhhhhhhhhhhhhhhhh
///////qqqqqqqqqqqqq8qqq)qqqqqZqqqqqqqqqqqqqqqYqqqqhhhhhhhhhhhhhhhhhhhhhhhhhhhhh
////////qqqqqqqqqqqq8qqq)qqqqZqqqqqqqqqqqqqqqYqqqqhhhhhhhhhhhhhhhhhhhhhhhhhhhhhh
/////////qqqqqqqqqqq8qq)qqqqZqqqqqqqqqqqqqqqqYqqqqhhhhhhhhhhhhhhhhhhhhhhhhhhhhhh
//////////qqqqqqqqqq8qqq)qqZZqqqqqqqqqqqqqqqqYqqqqhhhhhhhhhhhhhhhhhhhhhhhhhhhhhh
////////////qqqqqqqqq8qq)qZZqqqqqqqqqqqqqqqqqYqqqhhhhhhhhhhhhhhhhhhhhhhhhhhhhhhh
/////////////qqqqqqqq8qq)ZZqqqqqqqqqqqqqqqqqqYqqqhhhhhhhhhhhhhhhhhhhhhhhhhhhhhhh
//////////////qqqqqqq8qq)ZqqqqqqqqqqqqqqqqqqYqqqqhhhhhhhhhhhhhhhhhhhhhhhhhhhhhhh
////////////////qqqqqq8Z)qqqqqqqqqqqqqqqqqqqqYqqhhhhhhhhhhhhhhhhhhhhhhhhhhhhhhhh
/////////////////qqqqqZq)qqqqqqqqqqqqqqqqqqqqYqqhhhhhhhhhhhhhhhhhhhhhhhhhhhhhhhh
///////////////////qZZ8q)qqqqqqqqqqqqqqqqqqqqYqqhhhhhhhhhhhhhhhhhhhhhhhhhhhhhhhh
//////////////////ZZ/qq8)qqqqqqqqqqqqqqqqqqqqYqqhhhhhhhhhhhhhhhhhhhhhhhhhhhhhhhh
////////////////ZZZ///q8q)qqqqqqqqqqqqqqqqqqqYqhhhhhhhhhhhhhhhhhhhhhhhhhhhhhhhhh
//////////////ZZZ///////8)qqqqqqqqqqqqqqqqqqqqYhhhhhhhhhhhhhhhhhhhhhhhhhhhhhhhhh
///////////ZZZ//////////8)/qqqqqqqqqqqqqqqqqqqYhhhhhhhhhhhhhhhhhhhhhhhhhhhhhhhhh
///////ZZZZ//////////////8)//qqqqqqqqqqqqqqqqqYhhhhhhhhhhhhhhhhhhhhhhhhhhhhhhhhh
ZZZZZZZ//////////////////8)/////qqqqqqqqqqqqqqhhhhhhhhhhhhhhhhhhhhhhhhhhhhhhhhhh
//////////////////////////)/////////qqqqqqqqqqhhhhhhhhhhhhhhhhhhhhhhhhhhhhhhhhhh
//////////////////////////8)////////////qqqqqqhhhhhhhhhhhhhhhhhhhhhhhhhhhhhhhhhh
///////////////////////////)//////////////////hhhhhhhhhhhhhhhhhhhhhhhhhhhhhhhhhh
////////////////////////////)////////////////hhhhhhhhhhhhhhhhhhhhhhhhhhhhhhhhhhh
////////////////////////////)8///////////////hhhhhhhhhhhhhhhhhhhhhhhhhhhhhhhhhhh
/////////////////////////////)8//////////////hhhhhhhhhhhhhhhhhhhhhhhhhhhhhhhhhhh
//////////////////////////////)8/////////////hhhhhhhhhhhhhhhhhhhhhhhhhhhhhhhhhhh
//////////////////////////////)88///////////hhhhhhhhhhhhhhhhhhhhhhhhhhhhhhhhhhhh
///////////////////////////////)88//////////hhhhhhhhhhhhhhhhhhhhhhhhhhhhhhhhhhhh
////////////////////////////////)88/////////hhhhhhhhhhhhhhhhhhhhhhhhhhhhhhhhhhhh
/////////////////////////////////)88////////hhhhhhhhhhhhhhhhhhhhhhhhhhhhhhhhhhhh
//////////////////////////////////)/8///////hhhhhhhhhhhhhhhhhhhhhhhhhhhhhhhhhhhh
///////////////////////////////////)/88////hhhhhhhhhhhhhhhhhhhhhhhhhhhhhhhhhhhhh
////////////////////////////////////)/88///hhhhhhhhhhhhhhhhhhhhhhhhhhhhhhhhhhhhh
/////////////////////////////////////)//88/hhhhhhhhhhhhhhhhhhhhhhhhhhhhhhhhhhhhh
//////////////////////////////////////))//8hhhhhhhhhhhhhhhhhhhhhhhhhhhhhhhhhhhhh
////////////////////////////////////////)//hhhhhhhhhhhhhhhhhhhhhhhhhhhhhhhhhhhhh
/////////////////////////////////////////))hhhhhhhhhhhhhhhhhhhhhhhhhhhhhhhhhhhhh
//////////////////////////////////////////hhhhhhhhhhhhhhhhhhhhhhhhhhhhhhhhhhhhhh
//////////////////////////////////////////hhhhhhhhhhhhhhhhhhhhhhhhhhhhhhhhhhhhhh
//////////////////////////////////////////hhhhhhhhhhhhhhhhhhhhhhhhhhhhhhhhhhhhhh
//////////////////////////////////////////hhhhhhhhhhhhhhhhhhhhhhhhhhhhhhhhhhhhhh
//////////////////////////////////////////hhhhhhhhhhhhhhhhhhhhhhhhhhhhhhhhhhhhhh
//////////////////////////////////////////hhhhhhhhhhhhhhhhhhhhhhhhhhhhhhhhhhhhhh
/////////////////////////////////////////hhhhhhhhhhhhhhhhhhhhhhhhhhhhhhhhhhhhhhh
/////////////////////////////////////////hhhhhhhhhhhhhhhhhhhhhhhhhhhhhhhhhhhhhhh
/////////////////////////////////////////hhhhhhhhhhhhhhhhhhhhhhhhhhhhhhhhhhhhhhh
/////////////////////////////////////////hhhhhhhhhhhhhhhhhhhhhhhhhhhhhhhhhhhhhhh
/////////////////////////////////////////hhhhhhhhhhhhhhhhhhhhhhhhhhhhhhhhhhhhhhh
/////////////////////////////////////////hhhhhhhhhhhhhhhhhhhhhhhhhhhhhhhhhhhhhhh
/////////////////////////////////////////hhhhhhhhhhhhhhhhhhhhhhhhhhhhhhhhhhhhhhh
/////////////////////////////////////////hhhhhhhhhhhhhhhhhhhhhhhhhhhhhhhhhhhhhhh
/////////////////////////////////////////hhhhhhhhhhhhhhhhhhhhhhhhhhhhhhhhhhhhhhh
////////////////////////////////////////hhhhhhhhhhhhhhhhhhhhhhhhhhhhhhhhhhhhhhhh
////////////////////////////////////////hhhhhhhhhhhhhhhhhhhhhhhhhhhhhhhhhhhhhhhh
////////////////////////////////////////hhhhhhhhhhhhhhhhhhhhhhhhhhhhhhhhhhhhhhhh
////////////////////////////////////////hhhhhhhhhhhhhhhhhhhhhhhhhhhhhhhhhhhhhhhh
////////////////////////////////////////hhhhhhhhhhhhhhhhhhhhhhhhhhhhhhhhhhhhhhhh
////////////////////////////////////////hhhhhhhhhhhhhhhhhhhhhhhhhhhhhhhhhhhhhhhh
////////////////////////////////////////hhhhhhhhhhhhhhhhhhhhhhhhhhhhhhhhhhhhhhhh
////////////////////////////////////////hhhhhhhhhhhhhhhhhhhhhhhhhhhhhhhhhhhhhhhh
////////////////////////////////////////hhhhhhhhhhhhhhhhhhhhhhhhhhhhhhhhhhhhhhhh
////////////////////////////////////////hhhhhhhhhhhhhhhhhhhhhhhhhhhhhhhhhhhhhhhh
////////////////////////////////////////hhhhhhhhhhhhhhhhhhhhhhhhhhhhhhhhhhhhhhhh
////////////////////////////////////////hhhhhhhhhhhhhhhhhhhhhhhhhhhhhhhhhhhhhhhh
////////////////////////////////////////hhhhhhhhhhhhhhhhhhhhhhhhhhhhhhhhhhhhhhhh
////////////////////////////////////////hhhhhhhhhhhhhhhhhhhhhhhhhhhhhhhhhhhhhhhh
////////////////////////////////////////hhhhhhhhhhhhhhhhhhhhhhhhhhhhhhhhhhhhhhhh
////////////////////////////////////////hhhhhhhhhhhhhhhhhhhhhhhhhhhhhhhhhhhhhhhh
////////////////////////////////////////hhhhhhhhhhhhhhhhhhhhhhhhhhhhhhhhhhhhhhhh
////////////////////////////////////////hhhhhhhhhhhhhhhhhhhhhhhhhhhhhhhhhhhhhhhh
////////////////////////////////////////hhhhhhhhhhhhhhhhhhhhhhhhhhhhhhhhhhhhhhhh
////////////////////////////////////////hhhhhhhhhhhhhhhhhhhhhhhhhhhhhhhhhhhhhhhh
////////////////////////////////////////hhhhhhhhhhhhhhhhhhhhhhhhhhhhhhhhhhhhhhhh
///////////////////////////////////////hhhhhhhhhhhhhhhhhhhhhhhhhhhhhhhhhhhhhhhhh
////////////////////////////////////////hhhhhhhhhhhhhhhhhhhhhhhhhhhhhhhhhhhhhhhh
////////////////////////////////////////hhhhhhhhhhhhhhhhhhhhhhhhhhhhhhhhhhhhhhhh
////////////////////////////////////////hhhhhhhhhhhhhhhhhhhhhhhhhhhhhhhhhhhhhhhh
////////////////////////////////////////hhhhhhhhhhhhhhhhhhhhhhhhhhhhhhhhhhhhhhhh
////////////////////////////////////////hhhhhhhhhhhhhhhhhhhhhhhhhhhhhhhhhhhhhhhh
////////////////////////////////////////hhhhhhhhhhhhhhhhhhhhhhhhhhhhhhhhhhhhhhhh
////////////////////////////////////////hhhhhhhhhhhhhhhhhhhhhhhhhhhhhhhhhhhhhhhh
////////////////////////////////////////hhhhhhhhhhhhhhhhhhhhhhhhhhhhhhhhhhhhhhhh
////////////////////////////////////////hhhhhhhhhhhhhhhhhhhhhhhhhhhhhhhhhhhhhhhh
////////////////////////////////////////hhhhhhhhhhhhhhhhhhhhhhhhhhhhhhhhhhhhhhhh
////////////////////////////////////////hhhhhhhhhhhhhhhhhhhhhhhhhhhhhhhhhhhhhhhh
////////////////////////////////////////hhhhhhhhhhhhhhhhhhhhhhhhhhhhhhhhhhhhhhhh
////////////////////////////////////////hhhhhhhhhhhhhhhhhhhhhhhhhhhhhhhhhhhhhhhh
////////////////////////////////////////hhhhhhhhhhhhhhhhhhhhhhhhhhhhhhhhhhhhhhhh
////////////////////////////////////////hhhhhhhhhhhhhhhhhhhhhhhhhhhhhhhhhhhhhhhh
////////////////////////////////////////hhhhhhhhhhhhhhhhhhhhhhhhhhhhhhhhhhhhhhhh
////////////////////////////////////////hhhhhhhhhhhhhhhhhhhhhhhhhhhhhhhhhhhhhhhh
////////////////////////////////////////hhhhhhhhhhhhhhhhhhhhhhhhhhhhhhhhhhhhhhhh
////////////////////////////////////////hhhhhhhhhhhhhhhhhhhhhhhhhhhhhhhhhhhhhhhh
////////////////////////////////////////hhhhhhhhhhhhhhhhhhhhhhhhhhhhhhhhhhhhhhhh
////////////////////////////////////////hhhhhhhhhhhhhhhhhhhhhhhhhhhhhhhhhhhhhhhh
/////////////////////////////////////////hhhhhhhhhhhhhhhhhhhhhhhhhhhhhhhhhhhhhhh
/////////////////////////////////////////hhhhhhhhhhhhhhhhhhhhhhhhhhhhhhhhhhhhhhh
^^///////////////////////////////////////hhhhhhhhhhhhhhhhhhhhhhhhhhhhhhhhhhhhhhh
^^^^/////////////////////////////////////hhhhhhhhhhhhhhhhhhhhhhhhhhhhhhhhhhhhhhh
^^^^^^^//////////////////////////////////hhhhhhhhhhhhhhhhhhhhhhhhhhhhhhhhhhhhhhh
